Read config: config/main.conf
[2022-10-30 10:16:58] Run with token: qwe123
[2022-10-30 10:16:58] Versi DB: 10.4.16-MariaDB
[2022-10-30 10:16:58] Sleep...
[2022-10-30 10:17:00] Sleep...
[2022-10-30 10:17:03] Sleep...
[2022-10-30 10:17:05] Sleep...
[2022-10-30 10:17:07] Sleep...
[2022-10-30 10:17:09] Sleep...
[2022-10-30 10:17:11] Sleep...
[2022-10-30 10:17:13] Sleep...
[2022-10-30 10:17:15] Sleep...
[2022-10-30 10:17:17] Sleep...
[2022-10-30 10:17:19] Sleep...
[2022-10-30 10:17:21] Sleep...
[2022-10-30 10:17:23] Sleep...
[2022-10-30 10:17:25] Sleep...
[2022-10-30 10:17:27] Sleep...
[2022-10-30 10:17:29] Sleep...
[2022-10-30 10:17:31] Sleep...
[2022-10-30 10:17:33] Sleep...
[2022-10-30 10:17:35] Sleep...
[2022-10-30 10:17:37] Sleep...
[2022-10-30 10:17:39] Sleep...
[2022-10-30 10:17:41] Sleep...
[2022-10-30 10:17:43] Sleep...
[2022-10-30 10:17:43] terminated
[2022-10-30 10:17:43] Stop Service
[2022-10-30 10:17:45] Exit from loop StartService
Read config: config/main.conf
[2022-10-30 10:18:12] Run with token: qwe123
[2022-10-30 10:18:12] Versi DB: 10.4.16-MariaDB
[2022-10-30 10:18:12] Sleep...
[2022-10-30 10:18:14] Sleep...
[2022-10-30 10:18:16] Sleep...
[2022-10-30 10:18:18] Sleep...
[2022-10-30 10:18:20] Sleep...
[2022-10-30 10:18:22] Sleep...
[2022-10-30 10:18:24] Sleep...
[2022-10-30 10:18:26] Sleep...
[2022-10-30 10:18:28] Sleep...
[2022-10-30 10:18:30] Sleep...
[2022-10-30 10:18:32] Sleep...
[2022-10-30 10:18:34] Sleep...
[2022-10-30 10:18:35] terminated
[2022-10-30 10:18:35] Stop Service
[2022-10-30 10:18:36] Exit from loop StartService
Read config: config/main.conf
[2022-10-30 10:19:16] Run with args: [run --port=8080 --token=qwe123 --node=123]
[2022-10-30 10:19:16] Versi DB: 10.4.16-MariaDB
[2022-10-30 10:19:16] Sleep...
[2022-10-30 10:19:18] Sleep...
[2022-10-30 10:19:20] Sleep...
[2022-10-30 10:19:22] Sleep...
[2022-10-30 10:19:24] Sleep...
[2022-10-30 10:19:26] Sleep...
[2022-10-30 10:19:28] Sleep...
[2022-10-30 10:19:30] Sleep...
[2022-10-30 10:19:31] terminated
[2022-10-30 10:19:31] Stop Service
[2022-10-30 10:19:32] Exit from loop StartService
Read config: config/main.conf
[2022-10-30 10:20:55] Run with args: [run --port=8080 --token=qwe123 --node=123]
[2022-10-30 10:20:55] Port: 8080
[2022-10-30 10:20:55] Node: 123
[2022-10-30 10:20:55] Token: qwe123
[2022-10-30 10:20:55] Versi DB: 10.4.16-MariaDB
[2022-10-30 10:20:55] Sleep...
[2022-10-30 10:20:57] Sleep...
[2022-10-30 10:20:59] Sleep...
[2022-10-30 10:21:01] Sleep...
[2022-10-30 10:21:03] Sleep...
[2022-10-30 10:21:05] Sleep...
[2022-10-30 10:21:07] Sleep...
[2022-10-30 10:21:09] Sleep...
[2022-10-30 10:21:11] Sleep...
[2022-10-30 10:21:13] Sleep...
[2022-10-30 10:21:15] Sleep...
[2022-10-30 10:21:17] Sleep...
[2022-10-30 10:21:20] Sleep...
[2022-10-30 10:21:22] Sleep...
[2022-10-30 10:21:24] Sleep...
[2022-10-30 10:21:26] Sleep...
[2022-10-30 10:21:28] Sleep...
[2022-10-30 10:21:30] Sleep...
[2022-10-30 10:21:32] Sleep...
[2022-10-30 10:21:34] Sleep...
[2022-10-30 10:21:36] Sleep...
[2022-10-30 10:21:38] Sleep...
[2022-10-30 10:21:40] Sleep...
[2022-10-30 10:21:42] Sleep...
[2022-10-30 10:21:44] Sleep...
[2022-10-30 10:21:46] Sleep...
[2022-10-30 10:21:47] terminated
[2022-10-30 10:21:47] Stop Service
[2022-10-30 10:21:48] Exit from loop StartService
