[Node: 1 2022-06-20 23:35:47] Service run as node: 1
[Node: 1 2022-06-20 23:35:47] Infinite loop: 0
[Node: 1 2022-06-20 23:35:49] Infinite loop: 1
[Node: 1 2022-06-20 23:35:51] Infinite loop: 2
[Node: 1 2022-06-20 23:35:53] Infinite loop: 3
[Node: 1 2022-06-20 23:35:55] Infinite loop: 4
[Node: 1 2022-06-20 23:35:57] Infinite loop: 5
[Node: 1 2022-06-20 23:35:59] Infinite loop: 6
[Node: 1 2022-06-20 23:36:01] Infinite loop: 7
[Node: 2 2022-06-20 23:36:02] Service run as node: 2
[Node: 2 2022-06-20 23:36:02] Infinite loop: 0
[Node: 1 2022-06-20 23:36:03] Infinite loop: 8
[Node: 2 2022-06-20 23:36:04] Infinite loop: 1
[Node: 1 2022-06-20 23:36:05] Infinite loop: 9
[Node: 2 2022-06-20 23:36:06] Infinite loop: 2
[Node: 1 2022-06-20 23:36:07] Infinite loop: 10
[Node: 2 2022-06-20 23:36:08] Infinite loop: 3
[Node: 1 2022-06-20 23:36:09] Infinite loop: 11
[Node: 2 2022-06-20 23:36:10] Infinite loop: 4
[Node: 1 2022-06-20 23:36:11] Infinite loop: 12
[Node: 2 2022-06-20 23:36:12] Infinite loop: 5
[Node: 1 2022-06-20 23:36:13] Infinite loop: 13
[Node: 2 2022-06-20 23:36:14] Infinite loop: 6
[Node: 1 2022-06-20 23:36:15] Infinite loop: 14
[Node: 2 2022-06-20 23:36:16] Infinite loop: 7
[Node: 1 2022-06-20 23:36:17] Infinite loop: 15
[Node: 2 2022-06-20 23:36:18] Infinite loop: 8
[Node: 1 2022-06-20 23:36:19] Infinite loop: 16
[Node: 2 2022-06-20 23:36:20] Infinite loop: 9
[Node: 1 2022-06-20 23:36:21] Infinite loop: 17
[Node: 2 2022-06-20 23:36:22] Infinite loop: 10
[Node: 1 2022-06-20 23:36:23] Infinite loop: 18
[Node: 2 2022-06-20 23:36:24] Infinite loop: 11
[Node: 1 2022-06-20 23:36:25] Infinite loop: 19
[Node: 2 2022-06-20 23:36:26] Infinite loop: 12
[Node: 1 2022-06-20 23:36:27] Infinite loop: 20
[Node: 2 2022-06-20 23:36:28] Infinite loop: 13
[Node: 1 2022-06-20 23:36:29] Infinite loop: 21
[Node: 2 2022-06-20 23:36:30] Infinite loop: 14
[Node: 1 2022-06-20 23:36:31] Infinite loop: 22
[Node: 2 2022-06-20 23:36:32] Infinite loop: 15
[Node: 1 2022-06-20 23:36:33] Infinite loop: 23
[Node: 3 2022-06-20 23:36:34] Service run as node: 3
[Node: 3 2022-06-20 23:36:34] Infinite loop: 0
[Node: 2 2022-06-20 23:36:34] Infinite loop: 16
[Node: 1 2022-06-20 23:36:35] Infinite loop: 24
[Node: 3 2022-06-20 23:36:36] Infinite loop: 1
[Node: 2 2022-06-20 23:36:36] Infinite loop: 17
[Node: 1 2022-06-20 23:36:37] Infinite loop: 25
[Node: 3 2022-06-20 23:36:38] Infinite loop: 2
[Node: 2 2022-06-20 23:36:38] Infinite loop: 18
[Node: 1 2022-06-20 23:36:39] Infinite loop: 26
[Node: 3 2022-06-20 23:36:40] Infinite loop: 3
[Node: 2 2022-06-20 23:36:40] Infinite loop: 19
[Node: 1 2022-06-20 23:36:41] Infinite loop: 27
[Node: 3 2022-06-20 23:36:42] Infinite loop: 4
[Node: 2 2022-06-20 23:36:42] Infinite loop: 20
[Node: 1 2022-06-20 23:36:43] Infinite loop: 28
[Node: 3 2022-06-20 23:36:44] Infinite loop: 5
[Node: 2 2022-06-20 23:36:44] Infinite loop: 21
[Node: 1 2022-06-20 23:36:45] Infinite loop: 29
[Node: 3 2022-06-20 23:36:46] Infinite loop: 6
[Node: 2 2022-06-20 23:36:46] Infinite loop: 22
[Node: 1 2022-06-20 23:36:47] Infinite loop: 30
[Node: 3 2022-06-20 23:36:48] Infinite loop: 7
[Node: 2 2022-06-20 23:36:48] Infinite loop: 23
[Node: 1 2022-06-20 23:36:49] Infinite loop: 31
[Node: 3 2022-06-20 23:36:50] Infinite loop: 8
[Node: 2 2022-06-20 23:36:50] Infinite loop: 24
[Node: 1 2022-06-20 23:36:51] Infinite loop: 32
[Node: 3 2022-06-20 23:36:52] Infinite loop: 9
[Node: 2 2022-06-20 23:36:52] Infinite loop: 25
[Node: 1 2022-06-20 23:36:53] Infinite loop: 33
[Node: 3 2022-06-20 23:36:54] Infinite loop: 10
[Node: 2 2022-06-20 23:36:54] Infinite loop: 26
[Node: 1 2022-06-20 23:36:55] Infinite loop: 34
[Node: 3 2022-06-20 23:36:56] Infinite loop: 11
[Node: 2 2022-06-20 23:36:56] Infinite loop: 27
[Node: 1 2022-06-20 23:36:57] Infinite loop: 35
[Node: 3 2022-06-20 23:36:58] Infinite loop: 12
[Node: 2 2022-06-20 23:36:58] Infinite loop: 28
[Node: 1 2022-06-20 23:36:59] Infinite loop: 36
[Node: 3 2022-06-20 23:37:00] Infinite loop: 13
[Node: 2 2022-06-20 23:37:00] Infinite loop: 29
[Node: 1 2022-06-20 23:37:01] Infinite loop: 37
[Node: 3 2022-06-20 23:37:02] Infinite loop: 14
[Node: 2 2022-06-20 23:37:02] Infinite loop: 30
[Node: 1 2022-06-20 23:37:03] Infinite loop: 38
[Node: 3 2022-06-20 23:37:04] Infinite loop: 15
[Node: 2 2022-06-20 23:37:04] Infinite loop: 31
[Node: 1 2022-06-20 23:37:05] Infinite loop: 39
[Node: 3 2022-06-20 23:37:06] Infinite loop: 16
[Node: 2 2022-06-20 23:37:06] Infinite loop: 32
[Node: 1 2022-06-20 23:37:07] Infinite loop: 40
[Node: 3 2022-06-20 23:37:08] Infinite loop: 17
[Node: 2 2022-06-20 23:37:08] Infinite loop: 33
[Node: 1 2022-06-20 23:37:09] Infinite loop: 41
[Node: 3 2022-06-20 23:37:10] Infinite loop: 18
[Node: 2 2022-06-20 23:37:10] Infinite loop: 34
[Node: 1 2022-06-20 23:37:11] Infinite loop: 42
[Node: 3 2022-06-20 23:37:12] Infinite loop: 19
[Node: 2 2022-06-20 23:37:12] Infinite loop: 35
[Node: 1 2022-06-20 23:37:13] Infinite loop: 43
[Node: 3 2022-06-20 23:37:14] Infinite loop: 20
[Node: 2 2022-06-20 23:37:14] Infinite loop: 36
[Node: 1 2022-06-20 23:37:15] Infinite loop: 44
[Node: 3 2022-06-20 23:37:16] Infinite loop: 21
[Node: 2 2022-06-20 23:37:16] Infinite loop: 37
[Node: 1 2022-06-20 23:37:17] Infinite loop: 45
[Node: 3 2022-06-20 23:37:18] Infinite loop: 22
[Node: 2 2022-06-20 23:37:18] Infinite loop: 38
[Node: 1 2022-06-20 23:37:19] Infinite loop: 46
[Node: 3 2022-06-20 23:37:20] Infinite loop: 23
[Node: 2 2022-06-20 23:37:20] Infinite loop: 39
[Node: 1 2022-06-20 23:37:21] Infinite loop: 47
[Node: 3 2022-06-20 23:37:22] Infinite loop: 24
[Node: 2 2022-06-20 23:37:22] Infinite loop: 40
[Node: 1 2022-06-20 23:37:23] Infinite loop: 48
[Node: 3 2022-06-20 23:37:24] Infinite loop: 25
[Node: 2 2022-06-20 23:37:24] Infinite loop: 41
[Node: 1 2022-06-20 23:37:25] Infinite loop: 49
[Node: 3 2022-06-20 23:37:26] Infinite loop: 26
[Node: 2 2022-06-20 23:37:26] Infinite loop: 42
[Node: 1 2022-06-20 23:37:27] Infinite loop: 50
[Node: 3 2022-06-20 23:37:28] Infinite loop: 27
[Node: 2 2022-06-20 23:37:28] Infinite loop: 43
[Node: 1 2022-06-20 23:37:29] Infinite loop: 51
[Node: 3 2022-06-20 23:37:30] Infinite loop: 28
[Node: 2 2022-06-20 23:37:30] Infinite loop: 44
[Node: 1 2022-06-20 23:37:31] Infinite loop: 52
[Node: 3 2022-06-20 23:37:32] Infinite loop: 29
[Node: 2 2022-06-20 23:37:32] Infinite loop: 45
[Node: 1 2022-06-20 23:37:33] Infinite loop: 53
[Node: 4 2022-06-20 23:37:33] Service run as node: 4
[Node: 4 2022-06-20 23:37:33] Infinite loop: 0
[Node: 3 2022-06-20 23:37:34] Infinite loop: 30
[Node: 2 2022-06-20 23:37:34] Infinite loop: 46
[Node: 1 2022-06-20 23:37:35] Infinite loop: 54
[Node: 4 2022-06-20 23:37:35] Infinite loop: 1
[Node: 3 2022-06-20 23:37:36] Infinite loop: 31
[Node: 2 2022-06-20 23:37:36] Infinite loop: 47
[Node: 1 2022-06-20 23:37:37] Infinite loop: 55
[Node: 4 2022-06-20 23:37:37] Infinite loop: 2
[Node: 3 2022-06-20 23:37:38] Infinite loop: 32
[Node: 2 2022-06-20 23:37:38] Infinite loop: 48
[Node: 1 2022-06-20 23:37:39] Infinite loop: 56
[Node: 4 2022-06-20 23:37:39] Infinite loop: 3
[Node: 3 2022-06-20 23:37:40] Infinite loop: 33
[Node: 2 2022-06-20 23:37:40] Infinite loop: 49
[Node: 1 2022-06-20 23:37:41] Infinite loop: 57
[Node: 4 2022-06-20 23:37:41] Infinite loop: 4
[Node: 3 2022-06-20 23:37:42] Infinite loop: 34
[Node: 2 2022-06-20 23:37:42] Infinite loop: 50
[Node: 1 2022-06-20 23:37:43] Infinite loop: 58
[Node: 4 2022-06-20 23:37:43] Infinite loop: 5
[Node: 3 2022-06-20 23:37:44] Infinite loop: 35
[Node: 2 2022-06-20 23:37:44] Infinite loop: 51
[Node: 1 2022-06-20 23:37:45] Infinite loop: 59
[Node: 4 2022-06-20 23:37:45] Infinite loop: 6
[Node: 3 2022-06-20 23:37:46] Infinite loop: 36
[Node: 2 2022-06-20 23:37:46] Infinite loop: 52
[Node: 1 2022-06-20 23:37:47] Infinite loop: 60
[Node: 4 2022-06-20 23:37:47] Infinite loop: 7
[Node: 3 2022-06-20 23:37:48] Infinite loop: 37
[Node: 2 2022-06-20 23:37:48] Infinite loop: 53
[Node: 1 2022-06-20 23:37:49] Infinite loop: 61
[Node: 4 2022-06-20 23:37:49] Infinite loop: 8
[Node: 3 2022-06-20 23:37:50] Infinite loop: 38
[Node: 2 2022-06-20 23:37:50] Infinite loop: 54
[Node: 1 2022-06-20 23:37:51] Infinite loop: 62
[Node: 4 2022-06-20 23:37:51] Infinite loop: 9
[Node: 3 2022-06-20 23:37:52] Infinite loop: 39
[Node: 2 2022-06-20 23:37:52] Infinite loop: 55
[Node: 1 2022-06-20 23:37:53] Infinite loop: 63
[Node: 4 2022-06-20 23:37:53] Infinite loop: 10
[Node: 3 2022-06-20 23:37:54] Infinite loop: 40
[Node: 2 2022-06-20 23:37:54] Infinite loop: 56
[Node: 1 2022-06-20 23:37:55] Infinite loop: 64
[Node: 4 2022-06-20 23:37:55] Infinite loop: 11
[Node: 3 2022-06-20 23:37:56] Infinite loop: 41
[Node: 2 2022-06-20 23:37:56] Infinite loop: 57
[Node: 1 2022-06-20 23:37:57] Infinite loop: 65

terminated
[Node: 3 2022-06-20 23:37:57] try to stop node
[Node: 4 2022-06-20 23:37:57] Infinite loop: 12
[Node: 3 2022-06-20 23:37:58] Service stoped
[Node: 2 2022-06-20 23:37:58] Infinite loop: 58
[Node: 1 2022-06-20 23:37:59] Infinite loop: 66
[Node: 4 2022-06-20 23:37:59] Infinite loop: 13
[Node: 2 2022-06-20 23:38:00] Infinite loop: 59
[Node: 1 2022-06-20 23:38:01] Infinite loop: 67
[Node: 4 2022-06-20 23:38:01] Infinite loop: 14
[Node: 2 2022-06-20 23:38:02] Infinite loop: 60
[Node: 1 2022-06-20 23:38:03] Infinite loop: 68
[Node: 4 2022-06-20 23:38:03] Infinite loop: 15
[Node: 2 2022-06-20 23:38:04] Infinite loop: 61
[Node: 1 2022-06-20 23:38:05] Infinite loop: 69
[Node: 4 2022-06-20 23:38:05] Infinite loop: 16
[Node: 2 2022-06-20 23:38:06] Infinite loop: 62
[Node: 1 2022-06-20 23:38:07] Infinite loop: 70
[Node: 4 2022-06-20 23:38:07] Infinite loop: 17
[Node: 2 2022-06-20 23:38:08] Infinite loop: 63
[Node: 1 2022-06-20 23:38:09] Infinite loop: 71
[Node: 4 2022-06-20 23:38:09] Infinite loop: 18
[Node: 2 2022-06-20 23:38:10] Infinite loop: 64
[Node: 1 2022-06-20 23:38:11] Infinite loop: 72

terminated
[Node: 1 2022-06-20 23:38:11] try to stop node
[Node: 4 2022-06-20 23:38:11] Infinite loop: 19
[Node: 2 2022-06-20 23:38:12] Infinite loop: 65
[Node: 1 2022-06-20 23:38:13] Service stoped
[Node: 4 2022-06-20 23:38:13] Infinite loop: 20
[Node: 2 2022-06-20 23:38:14] Infinite loop: 66
[Node: 4 2022-06-20 23:38:15] Infinite loop: 21
[Node: 2 2022-06-20 23:38:16] Infinite loop: 67
[Node: 4 2022-06-20 23:38:17] Infinite loop: 22
[Node: 2 2022-06-20 23:38:18] Infinite loop: 68
[Node: 4 2022-06-20 23:38:19] Infinite loop: 23
[Node: 2 2022-06-20 23:38:20] Infinite loop: 69
[Node: 4 2022-06-20 23:38:21] Infinite loop: 24
[Node: 2 2022-06-20 23:38:22] Infinite loop: 70
[Node: 4 2022-06-20 23:38:23] Infinite loop: 25
[Node: 2 2022-06-20 23:38:24] Infinite loop: 71
[Node: 4 2022-06-20 23:38:25] Infinite loop: 26
[Node: 2 2022-06-20 23:38:26] Infinite loop: 72

terminated
[Node: 4 2022-06-20 23:38:27] try to stop node
[Node: 4 2022-06-20 23:38:27] Service stoped
[Node: 2 2022-06-20 23:38:28] Infinite loop: 73
[Node: 2 2022-06-20 23:38:30] Infinite loop: 74
[Node: 2 2022-06-20 23:38:32] Infinite loop: 75
[Node: 2 2022-06-20 23:38:34] Infinite loop: 76
[Node: 2 2022-06-20 23:38:36] Infinite loop: 77
[Node: 2 2022-06-20 23:38:38] Infinite loop: 78
[Node: 2 2022-06-20 23:38:40] Infinite loop: 79
[Node: 2 2022-06-20 23:38:42] Infinite loop: 80

terminated
[Node: 2 2022-06-20 23:38:43] try to stop node
[Node: 2 2022-06-20 23:38:44] Service stoped
[Node: 2 2022-06-20 23:47:36] Service run as node: 2
[Node: 2 2022-06-20 23:47:36] Infinite loop: 0
[Node: 2 2022-06-20 23:47:38] Infinite loop: 1
[Node: 2 2022-06-20 23:47:40] Infinite loop: 2
[Node: 2 2022-06-20 23:47:42] Infinite loop: 3
[Node: 2 2022-06-20 23:47:44] Infinite loop: 4
[Node: 2 2022-06-20 23:47:46] Infinite loop: 5
[Node: 2 2022-06-20 23:47:48] Infinite loop: 6
[Node: 2 2022-06-20 23:47:50] Infinite loop: 7
[Node: 2 2022-06-20 23:47:52] Infinite loop: 8

terminated
[Node: 2 2022-06-20 23:47:53] try to stop node
[Node: 2 2022-06-20 23:47:54] Service stoped
[Node: 1 2022-06-23 14:28:11] Service run as node: 1
{14 6281381382525}
[Node: 1 2022-06-23 14:28:11] Infinite loop: 0
[Node: 1 2022-06-23 14:28:13] Infinite loop: 1
[Node: 1 2022-06-23 14:28:15] Infinite loop: 2
[Node: 1 2022-06-23 14:28:17] Infinite loop: 3
[Node: 1 2022-06-23 14:28:19] Infinite loop: 4
[Node: 1 2022-06-23 14:28:21] Infinite loop: 5
[Node: 1 2022-06-23 14:28:23] Infinite loop: 6
[Node: 1 2022-06-23 14:28:25] Infinite loop: 7

terminated
[Node: 1 2022-06-23 14:28:26] try to stop node
[Node: 1 2022-06-23 14:28:27] Service stoped
